"metab_organ-rfile"
"Iteration" "metab_organ"
("Iteration" "metab_organ")
1 2715.3
2 2715.3
3 2715.3
4 2715.3
5 2715.3
6 2715.3
7 2715.3
8 2715.3
9 2715.3
10 2715.3
11 2715.3
12 2715.3
13 2715.3
14 2715.3
15 2715.3
16 2715.3
17 2715.3
18 2715.3
19 2715.3
20 2715.3
21 2715.3
22 2715.3
23 2715.3
24 2715.3
25 2715.3
26 2715.3
27 2715.3
28 2715.3
29 2715.3
30 2715.3
31 2715.3
32 2715.3
33 2715.3
34 2715.3
35 2715.3
36 2715.3
37 2715.3
38 2715.3
39 2715.3
40 2715.3
41 2715.3
42 2715.3
43 2715.3
44 2715.3
45 2715.3
46 2715.3
47 2715.3
48 2715.3
49 2715.3
50 2715.3
51 2715.3
52 2715.3
53 2715.3
54 2715.3
55 2715.3
56 2715.3
57 2715.3
58 2715.3
59 2715.3
60 2715.3
